[debug] [2024-09-30T22:28:08.252Z] : 
[debug] [2024-09-30T22:28:08.253Z] : ----------------------------------------------------------------------
[debug] [2024-09-30T22:28:08.253Z] : Command:      /usr/bin/node /usr/local/bin/catalyst serve
[debug] [2024-09-30T22:28:08.253Z] : CLI Version:  1.17.6
[debug] [2024-09-30T22:28:08.254Z] : Platform:     linux
[debug] [2024-09-30T22:28:08.254Z] : Node Version: v18.19.0
[debug] [2024-09-30T22:28:08.254Z] : Time:         Mon Sep 30 2024 15:28:08 GMT-0700 (Pacific Daylight Time)
[debug] [2024-09-30T22:28:08.255Z] : ----------------------------------------------------------------------
[debug] [2024-09-30T22:28:08.255Z] : 
[debug] [2024-09-30T22:28:08.639Z] : > authorizing via signed-in user option
[debug] [2024-09-30T22:28:08.640Z] : > command requires scopes: ["ZohoCatalyst.projects.ALL","ZohoCatalyst.functions.ALL","ZohoCatalyst.functions.EXECUTE","ZohoCatalyst.webapp.ALL","ZohoCatalyst.pdfshot.execute","ZohoCatalyst.authentication.CREATE"]
[debug] [2024-09-30T22:28:08.650Z] : > refreshing access token <
[debug] [2024-09-30T22:28:08.651Z] : >>>> HTTP REQUEST : POST https://accounts.zoho.com/oauth/v2/token 
<request body omitted>

[debug] [2024-09-30T22:28:09.026Z] : <<<< HTTP RESPONSE : 200
Response Headers: {"server":"ZGS","date":"Mon, 30 Sep 2024 21:28:35 GMT","content-type":"application/json;charset=UTF-8","content-length":"1980","connection":"close","set-cookie":["zalb_b266a5bf57=a711b6da0e6cbadb5e254290f114a026; Path=/; Secure; HttpOnly","iamcsr=78027521-129d-4b6d-adf1-2a422c3254a4;path=/;SameSite=None;Secure;priority=high","_zcsr_tmp=78027521-129d-4b6d-adf1-2a422c3254a4;path=/;SameSite=Strict;Secure;priority=high"],"cache-control":"no-store","x-content-type-options":"nosniff","pragma":"no-cache","x-frame-options":"SAMEORIGIN","vary":"accept-encoding","content-language":"en-US","strict-transport-security":"max-age=63072000"}

[debug] [2024-09-30T22:28:09.045Z] : >>>> HTTP REQUEST : GET https://api.catalyst.zoho.com/baas/v1/project/26034000000008075 

[debug] [2024-09-30T22:28:09.344Z] : <<<< HTTP RESPONSE : 200
Response Headers: {"server":"ZGS","date":"Mon, 30 Sep 2024 21:28:35 GMT","content-type":"application/vnd.catalyst.v2+json","transfer-encoding":"chunked","connection":"close","set-cookie":["zalb_46512fd555=bbdfb771565421abbe10f7a180903d28; Path=/; Secure; HttpOnly","ZD_CSRF_TOKEN=aae42f8a-ed7d-4420-91bc-ad4aef02f873;path=/;SameSite=None;Secure;priority=high","_zcsr_tmp=aae42f8a-ed7d-4420-91bc-ad4aef02f873;path=/;SameSite=Strict;Secure;priority=high"],"x-content-type-options":"nosniff","x-xss-protection":"1","cache-control":"private,no-cache,no-store,max-age=0,must-revalidate","pragma":"no-cache","expires":"Thu, 01 Jan 1970 00:00:00 GMT","x-frame-options":"DENY","strict-transport-security":"max-age=63072000"}

[debug] [2024-09-30T22:28:09.346Z] : >>>> HTTP REQUEST : GET https://api.catalyst.zoho.com/baas/v1/project/26034000000008075/environment 

[debug] [2024-09-30T22:28:09.631Z] : <<<< HTTP RESPONSE : 200
Response Headers: {"server":"ZGS","date":"Mon, 30 Sep 2024 21:28:35 GMT","content-type":"application/vnd.catalyst.v2+json","transfer-encoding":"chunked","connection":"close","set-cookie":["zalb_46512fd555=63dd9cf89a6678b816d9580ec827ee61; Path=/; Secure; HttpOnly","ZD_CSRF_TOKEN=599ef631-2606-44a1-93a5-9ef58b7de25b;path=/;SameSite=None;Secure;priority=high","_zcsr_tmp=599ef631-2606-44a1-93a5-9ef58b7de25b;path=/;SameSite=Strict;Secure;priority=high"],"x-content-type-options":"nosniff","x-xss-protection":"1","cache-control":"private,no-cache,no-store,max-age=0,must-revalidate","pragma":"no-cache","expires":"Thu, 01 Jan 1970 00:00:00 GMT","x-frame-options":"DENY","strict-transport-security":"max-age=63072000"}

[debug] [2024-09-30T22:28:09.771Z] : >>>> HTTP REQUEST : GET https://api.catalyst.zoho.com/baas/v1/project/26034000000008075/function 
Query params: {"type":"basicio,event,cron,applogic,integration,browser_logic"}

