[debug] [2024-11-07T23:19:20.099Z] : 
[debug] [2024-11-07T23:19:20.102Z] : ----------------------------------------------------------------------
[debug] [2024-11-07T23:19:20.103Z] : Command:      /usr/local/Cellar/node/21.6.2_1/bin/node /usr/local/bin/catalyst serve
[debug] [2024-11-07T23:19:20.104Z] : CLI Version:  1.17.6
[debug] [2024-11-07T23:19:20.104Z] : Platform:     darwin
[debug] [2024-11-07T23:19:20.105Z] : Node Version: v21.6.2
[debug] [2024-11-07T23:19:20.105Z] : Time:         Thu Nov 07 2024 17:19:20 GMT-0600 (Central Standard Time)
[debug] [2024-11-07T23:19:20.105Z] : ----------------------------------------------------------------------
[debug] [2024-11-07T23:19:20.105Z] : 
[debug] [2024-11-07T23:19:21.650Z] : > authorizing via signed-in user option
[debug] [2024-11-07T23:19:21.650Z] : > command requires scopes: ["ZohoCatalyst.projects.ALL","ZohoCatalyst.functions.ALL","ZohoCatalyst.functions.EXECUTE","ZohoCatalyst.webapp.ALL","ZohoCatalyst.pdfshot.execute","ZohoCatalyst.authentication.CREATE"]
[debug] [2024-11-07T23:19:21.667Z] : >>>> HTTP REQUEST : GET https://api.catalyst.zoho.com/baas/v1/project/26034000000008075 

[debug] [2024-11-07T23:19:21.910Z] : <<<< HTTP RESPONSE : 200
Response Headers: {"server":"ZGS","date":"Thu, 07 Nov 2024 23:19:21 GMT","content-type":"application/vnd.catalyst.v2+json","transfer-encoding":"chunked","connection":"keep-alive","set-cookie":["zalb_46512fd555=4ead9897700827f973c0f7dbded7f673; Path=/; Secure; HttpOnly","ZD_CSRF_TOKEN=cdc70262-5ece-444d-a409-0c9efb395667;path=/;SameSite=None;Secure;priority=high","_zcsr_tmp=cdc70262-5ece-444d-a409-0c9efb395667;path=/;SameSite=Strict;Secure;priority=high"],"x-content-type-options":"nosniff","x-xss-protection":"1","cache-control":"private,no-cache,no-store,max-age=0,must-revalidate","pragma":"no-cache","expires":"Thu, 01 Jan 1970 00:00:00 GMT","x-frame-options":"DENY","strict-transport-security":"max-age=63072000"}

[debug] [2024-11-07T23:19:21.915Z] : >>>> HTTP REQUEST : GET https://api.catalyst.zoho.com/baas/v1/project/26034000000008075/environment 

[debug] [2024-11-07T23:19:21.988Z] : <<<< HTTP RESPONSE : 200
Response Headers: {"server":"ZGS","date":"Thu, 07 Nov 2024 23:19:22 GMT","content-type":"application/vnd.catalyst.v2+json","transfer-encoding":"chunked","connection":"keep-alive","set-cookie":["zalb_46512fd555=c3d5ec374d3dc932973a3d50f55d8d00; Path=/; Secure; HttpOnly","ZD_CSRF_TOKEN=00cb5a73-d265-43b3-acbb-d90c9894dd79;path=/;SameSite=None;Secure;priority=high","_zcsr_tmp=00cb5a73-d265-43b3-acbb-d90c9894dd79;path=/;SameSite=Strict;Secure;priority=high"],"x-content-type-options":"nosniff","x-xss-protection":"1","cache-control":"private,no-cache,no-store,max-age=0,must-revalidate","pragma":"no-cache","expires":"Thu, 01 Jan 1970 00:00:00 GMT","x-frame-options":"DENY","strict-transport-security":"max-age=63072000"}

[debug] [2024-11-07T23:19:22.327Z] : Build folder already exists, starting cleanup
[debug] [2024-11-07T23:19:23.207Z] : >>>> HTTP REQUEST : GET https://api.catalyst.zoho.com/baas/v1/project/26034000000008075/function 
Query params: {"type":"basicio,event,cron,applogic,integration,browser_logic"}

[debug] [2024-11-07T23:19:23.292Z] : <<<< HTTP RESPONSE : 200
Response Headers: {"server":"ZGS","date":"Thu, 07 Nov 2024 23:19:23 GMT","content-type":"application/vnd.catalyst.v2+json","transfer-encoding":"chunked","connection":"keep-alive","set-cookie":["zalb_46512fd555=bbdfb771565421abbe10f7a180903d28; Path=/; Secure; HttpOnly","ZD_CSRF_TOKEN=a01e2f5c-dba5-4697-88a0-682197d1df81;path=/;SameSite=None;Secure;priority=high","_zcsr_tmp=a01e2f5c-dba5-4697-88a0-682197d1df81;path=/;SameSite=Strict;Secure;priority=high"],"x-content-type-options":"nosniff","x-xss-protection":"1","cache-control":"private,no-cache,no-store,max-age=0,must-revalidate","pragma":"no-cache","expires":"Thu, 01 Jan 1970 00:00:00 GMT","x-frame-options":"DENY","strict-transport-security":"max-age=63072000"}

[debug] [2024-11-07T23:19:23.295Z] : unknown eol undefined hence skipping check
[warn] [2024-11-07T23:19:36.608Z] : ⚠ skipping serve of function [package] since there is no valid catalyst-config.json file present
[info] [2024-11-07T23:19:36.761Z] : 
[info] [2024-11-07T23:19:36.761Z] :  >>>>>>>>>>>>> AdvancedIO <<<<<<<<<<<< 
[info] [2024-11-07T23:19:36.762Z] : ℹ mind_leap_function: http://localhost:3000/server/mind_leap_function/
[info] [2024-11-07T23:19:36.762Z] : 
[info] [2024-11-07T23:20:25.046Z] : 
change of src/models/task.js in mind_leap_function detected. Preparing your function, please wait...
[info] [2024-11-07T23:20:39.517Z] : ℹ AdvancedIO[mind_leap_function]: ready!
[info] [2024-11-07T23:20:39.518Z] : ℹ AdvancedIO[mind_leap_function]: http://localhost:3000/server/mind_leap_function/
[debug] [2024-11-08T00:52:51.078Z] : > refreshing access token <
[debug] [2024-11-08T00:52:51.091Z] : >>>> HTTP REQUEST : POST https://accounts.zoho.com/oauth/v2/token 
<request body omitted>

[debug] [2024-11-08T00:52:51.854Z] : <<<< HTTP RESPONSE : 200
Response Headers: {"server":"ZGS","date":"Fri, 08 Nov 2024 00:52:53 GMT","content-type":"application/json;charset=UTF-8","content-length":"1980","connection":"keep-alive","set-cookie":["zalb_b266a5bf57=9f371135a524e2d1f51eb9f41fa26c60; Path=/; Secure; HttpOnly","iamcsr=0be3d43d-e012-4b9e-a7d8-ea0f689c607a;path=/;SameSite=None;Secure;priority=high","_zcsr_tmp=0be3d43d-e012-4b9e-a7d8-ea0f689c607a;path=/;SameSite=Strict;Secure;priority=high"],"cache-control":"no-store","x-content-type-options":"nosniff","pragma":"no-cache","x-frame-options":"SAMEORIGIN","vary":"accept-encoding","content-language":"en-US","strict-transport-security":"max-age=63072000"}

